<?xml version="1.0" encoding="UTF-8"?>
<!-- Generated by org.testng.reporters.JUnitReportReporter -->
<testsuite skipped="0" hostname="DESKTOP-JUVN070" name="tests.LoginPageTest" tests="2" failures="0" timestamp="2022-02-13T16:17:20 CST" time="8.471" errors="0">
  <testcase name="pageTitleTest" time="3.861" classname="tests.LoginPageTest"/>
  <system-out/>
  <testcase name="loginTest" time="4.610" classname="tests.LoginPageTest"/>
  <system-out/>
</testsuite> <!-- tests.LoginPageTest -->
